e:\vsproject\crawlhtml\crawlhtml\tmp\vc120.pdb
e:\vsproject\crawlhtml\crawlhtml\tmp\requesthtml.obj
e:\vsproject\crawlhtml\crawlhtml\tmp\regexpmanager.obj
e:\vsproject\crawlhtml\crawlhtml\tmp\crawlsinglehtml.obj
e:\vsproject\crawlhtml\crawlhtml\tmp\main.obj
e:\vsproject\crawlhtml\crawlhtml\tmp\moc_crawlsinglehtml.obj
e:\vsproject\crawlhtml\crawlhtml\tmp\qmlmessagemanager.obj
e:\vsproject\crawlhtml\crawlhtml\tmp\moc_qmlmessagemanager.obj
e:\vsproject\crawlhtml\crawlhtml\tmp\handlemessage.obj
e:\vsproject\crawlhtml\crawlhtml\tmp\moc_handlemessage.obj
e:\vsproject\crawlhtml\crawlhtml\tmp\crawlbookshtml.obj
e:\vsproject\crawlhtml\crawlhtml\tmp\crawlbookhtml.obj
e:\vsproject\crawlhtml\crawlhtml\tmp\moc_crawlbookshtml.obj
e:\vsproject\crawlhtml\crawlhtml\tmp\moc_crawlbookhtml.obj
e:\vsproject\crawlhtml\crawlhtml\tmp\databasemanager.obj
e:\vsproject\crawlhtml\crawlhtml\tmp\moc_databasemanager.obj
e:\vsproject\crawlhtml\crawlhtml\generatedfiles\debug\moc_handlemessage.cpp
e:\vsproject\crawlhtml\crawlhtml\generatedfiles\debug\moc_crawlbookhtml.cpp
e:\vsproject\crawlhtml\crawlhtml\generatedfiles\debug\moc_crawlbookshtml.cpp
e:\vsproject\crawlhtml\crawlhtml\generatedfiles\debug\moc_databasemanager.cpp
e:\vsproject\crawlhtml\crawlhtml\generatedfiles\debug\moc_crawlsinglehtml.cpp
e:\vsproject\crawlhtml\crawlhtml\tmp\crawlhtml.tlog\cl.command.1.tlog
e:\vsproject\crawlhtml\crawlhtml\tmp\crawlhtml.tlog\cl.read.1.tlog
e:\vsproject\crawlhtml\crawlhtml\tmp\crawlhtml.tlog\cl.write.1.tlog
e:\vsproject\crawlhtml\crawlhtml\tmp\crawlhtml.tlog\custombuild.command.1.tlog
e:\vsproject\crawlhtml\crawlhtml\tmp\crawlhtml.tlog\custombuild.read.1.tlog
e:\vsproject\crawlhtml\crawlhtml\tmp\crawlhtml.tlog\custombuild.write.1.tlog
e:\vsproject\crawlhtml\crawlhtml\tmp\crawlhtml.tlog\link-cvtres.read.1.tlog
e:\vsproject\crawlhtml\crawlhtml\tmp\crawlhtml.tlog\link-cvtres.write.1.tlog
e:\vsproject\crawlhtml\crawlhtml\tmp\crawlhtml.tlog\link-rc.read.1.tlog
e:\vsproject\crawlhtml\crawlhtml\tmp\crawlhtml.tlog\link-rc.write.1.tlog
e:\vsproject\crawlhtml\crawlhtml\tmp\crawlhtml.tlog\link.command.1.tlog
e:\vsproject\crawlhtml\crawlhtml\tmp\crawlhtml.tlog\link.read.1.tlog
e:\vsproject\crawlhtml\crawlhtml\tmp\crawlhtml.tlog\link.write.1.tlog
