生成启动时间为 2019/1/2 14:16:26。
     1>项目“E:\VSProject\CrawlHtml\CrawlHtml\CrawlHtml.vcxproj”在节点 2 上(Build 个目标)。
     1>ClCompile:
         D:\VS2013\VC\bin\x86_amd64\CL.exe /c /ID:\Qt\msvc\msvc_2013_Qt5.8.0\5.8\msvc2013_64\include\QtSql /I.\CrawlHtml\include /ID:\Qt\msvc\msvc_2013_Qt5.8.0\5.8\msvc2013_64\include\QtDeclarative /I. /ID:\Qt\msvc\msvc_2013_Qt5.8.0\5.8\msvc2013_64\include /I.\GeneratedFiles\Debug /ID:\Qt\msvc\msvc_2013_Qt5.8.0\5.8\msvc2013_64\include\QtXml /ID:\Qt\msvc\msvc_2013_Qt5.8.0\5.8\msvc2013_64\include\QtQml /ID:\Qt\msvc\msvc_2013_Qt5.8.0\5.8\msvc2013_64\include\QtNetwork /ID:\Qt\msvc\msvc_2013_Qt5.8.0\5.8\msvc2013_64\include\QtQuick /ID:\Qt\msvc\msvc_2013_Qt5.8.0\5.8\msvc2013_64\include\QtCore /ID:\Qt\msvc\msvc_2013_Qt5.8.0\5.8\msvc2013_64\include\QtGui /ID:\Qt\msvc\msvc_2013_Qt5.8.0\5.8\msvc2013_64\include\QtWidgets /Zi /nologo /W1 /WX- /Od /D UNICODE /D WIN32 /D WIN64 /D QT_DLL /D QT_CORE_LIB /D QT_GUI_LIB /D QT_WIDGETS_LIB /Gm- /EHsc /MDd /GS /fp:precise /Zc:wchar_t /Zc:forScope /Fo"./tmp/" /Fd"./tmp/vc120.pdb" /Gd /TP /errorReport:prompt main.cpp
         main.cpp
       Link:
         D:\VS2013\VC\bin\x86_amd64\link.exe /ERRORREPORT:PROMPT /OUT:"./bin/\CrawlHtml.exe" /NOLOGO /LIBPATH:D:\Qt\msvc\msvc_2013_Qt5.8.0\5.8\msvc2013_64\lib qtmaind.lib Qt5Cored.lib Qt5Guid.lib Qt5Widgetsd.lib Qt5Networkd.lib Qt5Quickd.lib Qt5Qmld.lib Qt5Xmld.lib Qt5Sqld.lib kernel32.lib user32.lib gdi32.lib winspool.lib comdlg32.lib advapi32.lib shell32.lib ole32.lib oleaut32.lib uuid.lib odbc32.lib odbccp32.lib /MANIFEST /MANIFESTUAC:"level='asInvoker' uiAccess='false'" /manifest:embed /DEBUG /PDB:"./bin/CrawlHtml.pdb" /SUBSYSTEM:CONSOLE /TLBID:1 /DYNAMICBASE /NXCOMPAT /IMPLIB:"./bin/CrawlHtml.lib" /MACHINE:X64 ./tmp/moc_CrawlBookHtml.obj
         ./tmp/moc_CrawlBooksHtml.obj
         ./tmp/moc_CrawlSingleHtml.obj
         ./tmp/moc_CrawlThread.obj
         ./tmp/moc_DataBaseManager.obj
         ./tmp/moc_HandleMessage.obj
         ./tmp/moc_NetworkManager.obj
         ./tmp/main.obj
         ./tmp/CommonFunction.obj
         ./tmp/CrawlbookHtml.obj
         ./tmp/CrawlbooksHtml.obj
         ./tmp/CrawlSingleHtml.obj
         ./tmp/CrawlThread.obj
         ./tmp/DataBaseManager.obj
         ./tmp/HandleMessage.obj
         ./tmp/RegExpManager.obj
         ./tmp/NetworkManager.obj
         CrawlHtml.vcxproj -> E:\VSProject\CrawlHtml\CrawlHtml\./bin/CrawlHtml.exe
     1>已完成生成项目“E:\VSProject\CrawlHtml\CrawlHtml\CrawlHtml.vcxproj”(Build 个目标)的操作。

生成成功。

已用时间 00:00:04.15
